<?xml version="1.0" encoding="UTF-8" ?>
<testsuite tests="1" failures="1" name="com.example.tests.SelenideGoogleSearchTest" time="19.038" errors="0" skipped="0">
  <properties>
[...]
</properties>
  <testcase classname="com.example.tests.SelenideGoogleSearchTest" name="testGoogleSearch" time="19.038">
    <failure message="Invalid element state [span.YrSbJc/By.xpath: ..]: Element &lt;span class=&quot;clOx1e sjVJQd&quot;&gt; is not clickable at point (1074,569) because another element &lt;div class=&quot;niO4u VDgVie SlP8xc&quot;&gt; obscures it
Screenshot: file:/C:/JavaOOP_Test/selenium-java-project/build/reports/tests/1760896505860.0.png
Page source: file:/C:/JavaOOP_Test/selenium-java-project/build/reports/tests/1760896505860.0.html
Timeout: 10 s.
Caused by: ElementClickInterceptedException: Element &lt;span class=&quot;clOx1e sjVJQd&quot;&gt; is not clickable at point (1074,569) because another element &lt;div class=&quot;niO4u VDgVie SlP8xc&quot;&gt; obscures it" type="Invalid element state [span.YrSbJc/By.xpath">Invalid element state [span.YrSbJc/By.xpath: ..]: Element &lt;span class=&quot;clOx1e sjVJQd&quot;&gt; is not clickable at point (1074,569) because another element &lt;div class=&quot;niO4u VDgVie SlP8xc&quot;&gt; obscures it
Screenshot: file:/C:/JavaOOP_Test/selenium-java-project/build/reports/tests/1760896505860.0.png
Page source: file:/C:/JavaOOP_Test/selenium-java-project/build/reports/tests/1760896505860.0.html
Timeout: 10 s.
Caused by: ElementClickInterceptedException: Element &lt;span class=&quot;clOx1e sjVJQd&quot;&gt; is not clickable at point (1074,569) because another element &lt;div class=&quot;niO4u VDgVie SlP8xc&quot;&gt; obscures it
	at com.codeborne.selenide.impl.ExceptionWrapper.wrap(ExceptionWrapper.java:26)
	at com.codeborne.selenide.impl.SelenideElementProxy.dispatchAndRetry(SelenideElementProxy.java:156)
	at com.codeborne.selenide.impl.SelenideElementProxy.invoke(SelenideElementProxy.java:86)
	at jdk.proxy2/jdk.proxy2.$Proxy10.click(Unknown Source)
	at com.example.tests.GoogleHomePage.search(GoogleHomePage.java:27)
	at com.example.tests.SelenideGoogleSearchTest.testGoogleSearch(SelenideGoogleSearchTest.java:15)
	at java.base/jdk.internal.reflect.DirectMethodHandleAccessor.invoke(DirectMethodHandleAccessor.java:104)
	at java.base/java.lang.reflect.Method.invoke(Method.java:565)
	at org.junit.runners.model.FrameworkMethod$1.runReflectiveCall(FrameworkMethod.java:59)
	at org.junit.internal.runners.model.ReflectiveCallable.run(ReflectiveCallable.java:12)
	at org.junit.runners.model.FrameworkMethod.invokeExplosively(FrameworkMethod.java:56)
	at org.junit.internal.runners.statements.InvokeMethod.evaluate(InvokeMethod.java:17)
	at org.junit.internal.runners.statements.RunBefores.evaluate(RunBefores.java:26)
	at org.junit.internal.runners.statements.RunAfters.evaluate(RunAfters.java:27)
	at org.junit.runners.ParentRunner$3.evaluate(ParentRunner.java:306)
	at org.junit.runners.BlockJUnit4ClassRunner$1.evaluate(BlockJUnit4ClassRunner.java:100)
	at org.junit.runners.ParentRunner.runLeaf(ParentRunner.java:366)
	at org.junit.runners.BlockJUnit4ClassRunner.runChild(BlockJUnit4ClassRunner.java:103)
	at org.junit.runners.BlockJUnit4ClassRunner.runChild(BlockJUnit4ClassRunner.java:63)
	at org.junit.runners.ParentRunner$4.run(ParentRunner.java:331)
	at org.junit.runners.ParentRunner$1.schedule(ParentRunner.java:79)
	at org.junit.runners.ParentRunner.runChildren(ParentRunner.java:329)
	at org.junit.runners.ParentRunner.access$100(ParentRunner.java:66)
	at org.junit.runners.ParentRunner$2.evaluate(ParentRunner.java:293)
	at org.junit.runners.ParentRunner$3.evaluate(ParentRunner.java:306)
	at org.junit.runners.ParentRunner.run(ParentRunner.java:413)
	at org.apache.maven.surefire.junit4.JUnit4Provider.execute(JUnit4Provider.java:252)
	at org.apache.maven.surefire.junit4.JUnit4Provider.executeTestSet(JUnit4Provider.java:141)
	at org.apache.maven.surefire.junit4.JUnit4Provider.invoke(JUnit4Provider.java:112)
	at java.base/jdk.internal.reflect.DirectMethodHandleAccessor.invoke(DirectMethodHandleAccessor.java:104)
	at java.base/java.lang.reflect.Method.invoke(Method.java:565)
	at org.apache.maven.surefire.util.ReflectionUtils.invokeMethodWithArray(ReflectionUtils.java:189)
	at org.apache.maven.surefire.booter.ProviderFactory$ProviderProxy.invoke(ProviderFactory.java:165)
	at org.apache.maven.surefire.booter.ProviderFactory.invokeProvider(ProviderFactory.java:85)
	at org.apache.maven.surefire.booter.ForkedBooter.runSuitesInProcess(ForkedBooter.java:115)
	at org.apache.maven.surefire.booter.ForkedBooter.main(ForkedBooter.java:75)
Caused by: org.openqa.selenium.ElementClickInterceptedException: Element &lt;span class=&quot;clOx1e sjVJQd&quot;&gt; is not clickable at point (1074,569) because another element &lt;div class=&quot;niO4u VDgVie SlP8xc&quot;&gt; obscures it
Build info: version: &apos;4.20.0&apos;, revision: &apos;866c76ca80&apos;
System info: os.name: &apos;Windows 10&apos;, os.arch: &apos;amd64&apos;, os.version: &apos;10.0&apos;, java.version: &apos;25&apos;
Driver info: org.openqa.selenium.firefox.FirefoxDriver
Command: [def20883-f6a1-4288-a9f7-deae3741a946, clickElement {id=4827a10c-c607-4a4d-832c-e4f32be9650f}]
Capabilities {acceptInsecureCerts: true, browserName: firefox, browserVersion: 144.0, moz:accessibilityChecks: false, moz:buildID: 20251009125714, moz:geckodriverVersion: 0.36.0, moz:headless: false, moz:platformVersion: 10.0, moz:processID: 15128, moz:profile: C:\Users\royfm\AppData\Loca..., moz:shutdownTimeout: 60000, moz:webdriverClick: true, moz:windowless: false, pageLoadStrategy: normal, platformName: windows, proxy: Proxy(), setWindowRect: true, strictFileInteractability: false, timeouts: {implicit: 0, pageLoad: 300000, script: 30000}, unhandledPromptBehavior: accept, userAgent: Mozilla/5.0 (Windows NT 10....}
Element: [[[[FirefoxDriver: firefox on windows (def20883-f6a1-4288-a9f7-deae3741a946)] -&gt; css selector: span.YrSbJc]] -&gt; xpath: ..]
Session ID: def20883-f6a1-4288-a9f7-deae3741a946
	at java.base/jdk.internal.reflect.DirectConstructorHandleAccessor.newInstance(DirectConstructorHandleAccessor.java:62)
	at java.base/java.lang.reflect.Constructor.newInstanceWithCaller(Constructor.java:499)
	at java.base/java.lang.reflect.Constructor.newInstance(Constructor.java:483)
	at org.openqa.selenium.remote.ErrorCodec.decode(ErrorCodec.java:167)
	at org.openqa.selenium.remote.codec.w3c.W3CHttpResponseCodec.decode(W3CHttpResponseCodec.java:138)
	at org.openqa.selenium.remote.codec.w3c.W3CHttpResponseCodec.decode(W3CHttpResponseCodec.java:50)
	at org.openqa.selenium.remote.HttpCommandExecutor.execute(HttpCommandExecutor.java:190)
	at org.openqa.selenium.remote.service.DriverCommandExecutor.invokeExecute(DriverCommandExecutor.java:216)
	at org.openqa.selenium.remote.service.DriverCommandExecutor.execute(DriverCommandExecutor.java:174)
	at org.openqa.selenium.remote.RemoteWebDriver.execute(RemoteWebDriver.java:518)
	at org.openqa.selenium.remote.RemoteWebElement.execute(RemoteWebElement.java:223)
	at org.openqa.selenium.remote.RemoteWebElement.click(RemoteWebElement.java:76)
	at com.codeborne.selenide.commands.Click.defaultClick(Click.java:106)
	at com.codeborne.selenide.commands.Click.doClick(Click.java:83)
	at com.codeborne.selenide.commands.Click.click(Click.java:59)
	at com.codeborne.selenide.commands.Click.execute(Click.java:34)
	at com.codeborne.selenide.commands.Click.execute(Click.java:26)
	at com.codeborne.selenide.commands.Commands.execute(Commands.java:162)
	at com.codeborne.selenide.impl.SelenideElementProxy.dispatchAndRetry(SelenideElementProxy.java:134)
	... 34 more
</failure>
    <system-err>SLF4J(W): No SLF4J providers were found.
SLF4J(W): Defaulting to no-operation (NOP) logger implementation
SLF4J(W): See https://www.slf4j.org/codes.html#noProviders for further details.
</system-err>
  </testcase>
</testsuite>